Build started 3/28/2017 8:26:04 PM.
     1>Project "C:\Users\HafizHamza\Documents\Visual Studio 2010\Projects\Suzuki Company Motors Buy Online\Suzuki Company Motors Buy Online\Suzuki Company Motors Buy Online.vcxproj" on node 2 (build target(s)).
     1>InitializeBuildStatus:
         Creating "Debug\Suzuki Company Motors Buy Online.unsuccessfulbuild" because "AlwaysCreate" was specified.
       ClCompile:
         C:\Program Files (x86)\Microsoft Visual Studio 10.0\VC\bin\CL.exe /c /ZI /nologo /W3 /WX- /Od /Oy- /D _MBCS /Gm /EHsc /RTC1 /MDd /GS /fp:precise /Zc:wchar_t /Zc:forScope /Fo"Debug\\" /Fd"Debug\vc100.pdb" /Gd /TP /analyze- /errorReport:prompt "Suzuki Company Motors Buy Online.cpp"
         Suzuki Company Motors Buy Online.cpp
     1>c:\users\hafizhamza\documents\visual studio 2010\projects\suzuki company motors buy online\suzuki company motors buy online\suzuki company motors buy online.cpp(11): warning C4996: 'scanf': This function or variable may be unsafe. Consider using scanf_s instead. To disable deprecation, use _CRT_SECURE_NO_WARNINGS. See online help for details.
                 c:\program files (x86)\microsoft visual studio 10.0\vc\include\stdio.h(304) : see declaration of 'scanf'
     1>c:\users\hafizhamza\documents\visual studio 2010\projects\suzuki company motors buy online\suzuki company motors buy online\suzuki company motors buy online.cpp(92): warning C4996: 'getch': The POSIX name for this item is deprecated. Instead, use the ISO C++ conformant name: _getch. See online help for details.
                 c:\program files (x86)\microsoft visual studio 10.0\vc\include\conio.h(128) : see declaration of 'getch'
       Link:
         C:\Program Files (x86)\Microsoft Visual Studio 10.0\VC\bin\link.exe /ERRORREPORT:PROMPT /OUT:"C:\Users\HafizHamza\Documents\Visual Studio 2010\Projects\Suzuki Company Motors Buy Online\Debug\Suzuki Company Motors Buy Online.exe" /NOLOGO kernel32.lib user32.lib gdi32.lib winspool.lib comdlg32.lib advapi32.lib shell32.lib ole32.lib oleaut32.lib uuid.lib odbc32.lib odbccp32.lib /MANIFEST /ManifestFile:"Debug\Suzuki Company Motors Buy Online.exe.intermediate.manifest" /MANIFESTUAC:"level='asInvoker' uiAccess='false'" /DEBUG /PDB:"C:\Users\HafizHamza\Documents\Visual Studio 2010\Projects\Suzuki Company Motors Buy Online\Debug\Suzuki Company Motors Buy Online.pdb" /TLBID:1 /DYNAMICBASE /NXCOMPAT /IMPLIB:"C:\Users\HafizHamza\Documents\Visual Studio 2010\Projects\Suzuki Company Motors Buy Online\Debug\Suzuki Company Motors Buy Online.lib" /MACHINE:X86 "Debug\Suzuki Company Motors Buy Online.obj"
         LINK : C:\Users\HafizHamza\Documents\Visual Studio 2010\Projects\Suzuki Company Motors Buy Online\Debug\Suzuki Company Motors Buy Online.exe not found or not built by the last incremental link; performing full link
         Suzuki Company Motors Buy Online.vcxproj -> C:\Users\HafizHamza\Documents\Visual Studio 2010\Projects\Suzuki Company Motors Buy Online\Debug\Suzuki Company Motors Buy Online.exe
       Manifest:
         C:\Program Files (x86)\Microsoft SDKs\Windows\v7.0A\bin\mt.exe /nologo /verbose /outputresource:"C:\Users\HafizHamza\Documents\Visual Studio 2010\Projects\Suzuki Company Motors Buy Online\Debug\Suzuki Company Motors Buy Online.exe;#1" /manifest "Debug\Suzuki Company Motors Buy Online.exe.intermediate.manifest"
       FinalizeBuildStatus:
         Deleting file "Debug\Suzuki Company Motors Buy Online.unsuccessfulbuild".
         Touching "Debug\Suzuki Company Motors Buy Online.lastbuildstate".
     1>Done Building Project "C:\Users\HafizHamza\Documents\Visual Studio 2010\Projects\Suzuki Company Motors Buy Online\Suzuki Company Motors Buy Online\Suzuki Company Motors Buy Online.vcxproj" (build target(s)).

Build succeeded.

Time Elapsed 00:00:01.74
